#-----------------------------------------------------------
# Vivado v2020.2 (64-bit)
# SW Build 3064766 on Wed Nov 18 09:12:45 MST 2020
# IP Build 3064653 on Wed Nov 18 14:17:31 MST 2020
# Start of session at: Wed Feb 22 17:58:40 2023
# Process ID: 10504
# Current directory: C:/Users/Administrator/Desktop/lab12
# Command line: vivado.exe -gui_launcher_event rodinguilauncherevent9788 C:\Users\Administrator\Desktop\lab12\lab12.xpr
# Log file: C:/Users/Administrator/Desktop/lab12/vivado.log
# Journal file: C:/Users/Administrator/Desktop/lab12\vivado.jou
#-----------------------------------------------------------
start_gui
open_project C:/Users/Administrator/Desktop/lab12/lab12.xpr
Scanning sources...
Finished scanning sources
INFO: [IP_Flow 19-234] Refreshing IP repositories
INFO: [IP_Flow 19-1704] No user IP repositories specified
INFO: [IP_Flow 19-2313] Loaded Vivado IP repository 'C:/Xilinx/Vivado/2020.2/data/ip'.
update_compile_order -fileset sources_1
WARNING: [IP_Flow 19-4067] Ignoring invalid widget type specified checkbox.Providing a default widget
WARNING: [IP_Flow 19-4067] Ignoring invalid widget type specified checkbox.Providing a default widget
set_property -dict [list CONFIG.Load_Init_File {false} CONFIG.Coe_File {no_coe_file_loaded}] [get_ips vgaram]
WARNING: [IP_Flow 19-3374] An attempt to modify the value of disabled parameter 'Coe_File' from 'no_coe_file_loaded' to 'no_coe_file_loaded' has been ignored for IP 'vgaram'
generate_target all [get_files  C:/Users/Administrator/Desktop/lab12/lab12.srcs/sources_1/ip/vgaram/vgaram.xci]
INFO: [IP_Flow 19-1686] Generating 'Instantiation Template' target for IP 'vgaram'...
INFO: [IP_Flow 19-1686] Generating 'Synthesis' target for IP 'vgaram'...
INFO: [IP_Flow 19-1686] Generating 'Simulation' target for IP 'vgaram'...
INFO: [IP_Flow 19-1686] Generating 'Miscellaneous' target for IP 'vgaram'...
INFO: [IP_Flow 19-1686] Generating 'Change Log' target for IP 'vgaram'...
catch { config_ip_cache -export [get_ips -all vgaram] }
export_ip_user_files -of_objects [get_files C:/Users/Administrator/Desktop/lab12/lab12.srcs/sources_1/ip/vgaram/vgaram.xci] -no_script -sync -force -quiet
reset_run vgaram_synth_1
launch_runs vgaram_synth_1 -jobs 10
[Wed Feb 22 17:59:26 2023] Launched vgaram_synth_1...
Run output will be captured here: C:/Users/Administrator/Desktop/lab12/lab12.runs/vgaram_synth_1/runme.log
export_simulation -of_objects [get_files C:/Users/Administrator/Desktop/lab12/lab12.srcs/sources_1/ip/vgaram/vgaram.xci] -directory C:/Users/Administrator/Desktop/lab12/lab12.ip_user_files/sim_scripts -ip_user_files_dir C:/Users/Administrator/Desktop/lab12/lab12.ip_user_files -ipstatic_source_dir C:/Users/Administrator/Desktop/lab12/lab12.ip_user_files/ipstatic -lib_map_path [list {modelsim=C:/Users/Administrator/Desktop/lab12/lab12.cache/compile_simlib/modelsim} {questa=C:/Users/Administrator/Desktop/lab12/lab12.cache/compile_simlib/questa} {riviera=C:/Users/Administrator/Desktop/lab12/lab12.cache/compile_simlib/riviera} {activehdl=C:/Users/Administrator/Desktop/lab12/lab12.cache/compile_simlib/activehdl}] -use_ip_compiled_libs -force -quiet
exit
INFO: [Common 17-206] Exiting Vivado at Wed Feb 22 18:00:02 2023...
